2020-03-11 22:53:16,279:DEBUG:discord.client: Dispatching event socket_raw_receive
2020-03-11 22:53:16,279:DEBUG:discord.gateway: For Shard ID None: WebSocket Event: {'t': 'MESSAGE_CREATE', 's': 5, 'op': 0, 'd': {'type': 0, 'tts': False, 'timestamp': '2020-03-11T14:52:25.004000+00:00', 'pinned': False, 'nonce': '687312190788599808', 'mentions': [], 'mention_roles': [], 'mention_everyone': False, 'member': {'roles': ['686551941144248391'], 'premium_since': None, 'nick': None, 'mute': False, 'joined_at': '2020-03-11T11:32:17.088135+00:00', 'hoisted_role': '686551941144248391', 'deaf': False}, 'id': '687311977202057323', 'flags': 0, 'embeds': [], 'edited_timestamp': None, 'content': '!!help', 'channel_id': '686469998008598584', 'author': {'username': 'Honey', 'id': '491944023431577600', 'discriminator': '8184', 'avatar': '7eedd357fcec01b8f7b51c3fe3af3619'}, 'attachments': [], 'guild_id': '686469998008598580'}}
2020-03-11 22:53:16,280:DEBUG:discord.client: Dispatching event socket_response
2020-03-11 22:53:16,280:DEBUG:discord.client: Dispatching event message
2020-03-11 22:53:16,281:DEBUG:discord.client: Dispatching event command
2020-03-11 22:53:16,283:DEBUG:discord.client: Dispatching event command
2020-03-11 22:53:16,685:DEBUG:discord.gateway: Sending "{"op":3,"d":{"game":{"flags":0,"type":3,"name":"14 Users | !!sadcat "},"afk":false,"since":0.0,"status":"invisible"}}" to change status
2020-03-11 22:53:16,685:DEBUG:discord.client: Dispatching event socket_raw_send
2020-03-11 22:53:16,709:DEBUG:discord.http: PUT https://discordapp.com/api/v7/channels/686469998008598584/messages/687311977202057323/reactions/%F0%9F%91%80/@me with None has returned 204
2020-03-11 22:53:16,709:DEBUG:discord.http: A rate limit bucket has been exhausted (bucket: 686469998008598584:None:/channels/{channel_id}/messages/{message_id}/reactions/{emoji}/@me, retry: 0.25).
2020-03-11 22:53:16,710:DEBUG:discord.http: PUT https://discordapp.com/api/v7/channels/686469998008598584/messages/687311977202057323/reactions/%F0%9F%91%80/@me has received 
2020-03-11 22:53:16,718:DEBUG:discord.client: Dispatching event socket_raw_receive
2020-03-11 22:53:16,718:DEBUG:discord.gateway: For Shard ID None: WebSocket Event: {'t': 'MESSAGE_REACTION_ADD', 's': 6, 'op': 0, 'd': {'user_id': '577511542401138698', 'message_id': '687311977202057323', 'member': {'user': {'username': 'Karisma', 'id': '577511542401138698', 'discriminator': '4670', 'bot': True, 'avatar': '7e3e36d46941fdac01016ac382b04ce6'}, 'roles': ['686470274757165066'], 'mute': False, 'joined_at': '2020-03-09T07:07:47.508000+00:00', 'hoisted_role': None, 'deaf': False}, 'emoji': {'name': '👀', 'id': None}, 'channel_id': '686469998008598584', 'guild_id': '686469998008598580'}}
2020-03-11 22:53:16,718:DEBUG:discord.client: Dispatching event socket_response
2020-03-11 22:53:16,719:DEBUG:discord.client: Dispatching event raw_reaction_add
2020-03-11 22:53:16,719:DEBUG:discord.client: Dispatching event reaction_add
2020-03-11 22:53:17,050:DEBUG:discord.client: Dispatching event socket_raw_receive
2020-03-11 22:53:17,050:DEBUG:discord.gateway: For Shard ID None: WebSocket Event: {'t': 'MESSAGE_CREATE', 's': 7, 'op': 0, 'd': {'type': 0, 'tts': False, 'timestamp': '2020-03-11T14:52:25.791000+00:00', 'pinned': False, 'nonce': None, 'mentions': [], 'mention_roles': [], 'mention_everyone': False, 'member': {'roles': ['686470274757165066'], 'mute': False, 'joined_at': '2020-03-09T07:07:47.508000+00:00', 'hoisted_role': None, 'deaf': False}, 'id': '687311980502974476', 'flags': 0, 'embeds': [{'type': 'rich', 'footer': {'text': 'Use a word you see to dive deeper into the help. E.g !!help Commands'}, 'fields': [{'value': '**Events** - Events.\n**Filter** - Filtering\n**Help** - Help Formatter\n**Mod** - List of mod commands\n**Commands** - Commands\n**Sadcat** - Want some sadcats?\n**Uwu** - Just some random anime stuff\n**Welcome** - Helps with setting up Welcome messages', 'name': 'Cogs', 'inline': False}], 'color': 4421696}], 'edited_timestamp': None, 'content': '', 'channel_id': '686469998008598584', 'author': {'username': 'Karisma', 'id': '577511542401138698', 'discriminator': '4670', 'bot': True, 'avatar': '7e3e36d46941fdac01016ac382b04ce6'}, 'attachments': [], 'guild_id': '686469998008598580'}}
2020-03-11 22:53:17,051:DEBUG:discord.client: Dispatching event socket_response
2020-03-11 22:53:17,051:DEBUG:discord.client: Dispatching event message
2020-03-11 22:53:17,062:DEBUG:discord.http: POST https://discordapp.com/api/v7/channels/686469998008598584/messages with {"embed":{"footer":{"text":"Use a word you see to dive deeper into the help. E.g !!help Commands"},"fields":[{"inline":false,"name":"Cogs","value":"**Events** - Events.\n**Filter** - Filtering\n**Help** - Help Formatter\n**Mod** - List of mod commands\n**Commands** - Commands\n**Sadcat** - Want some sadcats?\n**Uwu** - Just some random anime stuff\n**Welcome** - Helps with setting up Welcome messages"}],"color":4421696,"type":"rich"}} has returned 200
2020-03-11 22:53:17,062:DEBUG:discord.http: POST https://discordapp.com/api/v7/channels/686469998008598584/messages has received {'id': '687311980502974476', 'type': 0, 'content': '', 'channel_id': '686469998008598584', 'author': {'id': '577511542401138698', 'username': 'Karisma', 'avatar': '7e3e36d46941fdac01016ac382b04ce6', 'discriminator': '4670', 'bot': True}, 'attachments': [], 'embeds': [{'type': 'rich', 'color': 4421696, 'fields': [{'name': 'Cogs', 'value': '**Events** - Events.\n**Filter** - Filtering\n**Help** - Help Formatter\n**Mod** - List of mod commands\n**Commands** - Commands\n**Sadcat** - Want some sadcats?\n**Uwu** - Just some random anime stuff\n**Welcome** - Helps with setting up Welcome messages', 'inline': False}], 'footer': {'text': 'Use a word you see to dive deeper into the help. E.g !!help Commands'}}], 'mentions': [], 'mention_roles': [], 'pinned': False, 'mention_everyone': False, 'tts': False, 'timestamp': '2020-03-11T14:52:25.791000+00:00', 'edited_timestamp': None, 'flags': 0, 'nonce': None}
2020-03-11 22:53:17,063:DEBUG:discord.client: Dispatching event command_completion
2020-03-11 22:53:17,071:DEBUG:discord.client: Dispatching event socket_raw_receive
2020-03-11 22:53:17,072:DEBUG:discord.gateway: For Shard ID None: WebSocket Event: {'t': 'MESSAGE_UPDATE', 's': 8, 'op': 0, 'd': {'id': '687311980502974476', 'embeds': [{'type': 'rich', 'footer': {'text': 'Use a word you see to dive deeper into the help. E.g !!help Commands'}, 'fields': [{'value': '**Events** - Events.\n**Filter** - Filtering\n**Help** - Help Formatter\n**Mod** - List of mod commands\n**Commands** - Commands\n**Sadcat** - Want some sadcats?\n**Uwu** - Just some random anime stuff\n**Welcome** - Helps with setting up Welcome messages', 'name': 'Cogs', 'inline': False}], 'color': 4421696}], 'channel_id': '686469998008598584', 'guild_id': '686469998008598580'}}
2020-03-11 22:53:17,072:DEBUG:discord.client: Dispatching event socket_response
2020-03-11 22:53:17,072:DEBUG:discord.client: Dispatching event raw_message_edit
2020-03-11 22:53:17,072:DEBUG:discord.client: Dispatching event message_edit
2020-03-11 22:53:17,274:DEBUG:discord.http: PUT https://discordapp.com/api/v7/channels/686469998008598584/messages/687311977202057323/reactions/%F0%9F%91%80/@me with None has returned 204
2020-03-11 22:53:17,274:DEBUG:discord.http: A rate limit bucket has been exhausted (bucket: 686469998008598584:None:/channels/{channel_id}/messages/{message_id}/reactions/{emoji}/@me, retry: 0.25).
2020-03-11 22:53:17,275:DEBUG:discord.http: PUT https://discordapp.com/api/v7/channels/686469998008598584/messages/687311977202057323/reactions/%F0%9F%91%80/@me has received 
2020-03-11 22:53:17,606:DEBUG:discord.client: Dispatching event socket_raw_receive
2020-03-11 22:53:17,606:DEBUG:discord.gateway: For Shard ID None: WebSocket Event: {'t': 'MESSAGE_CREATE', 's': 9, 'op': 0, 'd': {'type': 0, 'tts': False, 'timestamp': '2020-03-11T14:52:26.268000+00:00', 'pinned': False, 'nonce': None, 'mentions': [], 'mention_roles': [], 'mention_everyone': False, 'member': {'roles': ['686470274757165066'], 'mute': False, 'joined_at': '2020-03-09T07:07:47.508000+00:00', 'hoisted_role': None, 'deaf': False}, 'id': '687311982503657480', 'flags': 0, 'embeds': [{'type': 'rich', 'footer': {'text': 'Use a word you see to dive deeper into the help. E.g !!help Commands'}, 'fields': [{'value': '**Events** - Events.\n**Filter** - Filtering\n**Help** - Help Formatter\n**Mod** - List of mod commands\n**Commands** - Commands\n**Sadcat** - Want some sadcats?\n**Uwu** - Just some random anime stuff\n**Welcome** - Helps with setting up Welcome messages', 'name': 'Cogs', 'inline': False}], 'color': 4421696}], 'edited_timestamp': None, 'content': '', 'channel_id': '686469998008598584', 'author': {'username': 'Karisma', 'id': '577511542401138698', 'discriminator': '4670', 'bot': True, 'avatar': '7e3e36d46941fdac01016ac382b04ce6'}, 'attachments': [], 'guild_id': '686469998008598580'}}
2020-03-11 22:53:17,606:DEBUG:discord.client: Dispatching event socket_response
2020-03-11 22:53:17,607:DEBUG:discord.client: Dispatching event message
2020-03-11 22:53:17,617:DEBUG:discord.http: POST https://discordapp.com/api/v7/channels/686469998008598584/messages with {"embed":{"footer":{"text":"Use a word you see to dive deeper into the help. E.g !!help Commands"},"fields":[{"inline":false,"name":"Cogs","value":"**Events** - Events.\n**Filter** - Filtering\n**Help** - Help Formatter\n**Mod** - List of mod commands\n**Commands** - Commands\n**Sadcat** - Want some sadcats?\n**Uwu** - Just some random anime stuff\n**Welcome** - Helps with setting up Welcome messages"}],"color":4421696,"type":"rich"}} has returned 200
2020-03-11 22:53:17,617:DEBUG:discord.http: POST https://discordapp.com/api/v7/channels/686469998008598584/messages has received {'id': '687311982503657480', 'type': 0, 'content': '', 'channel_id': '686469998008598584', 'author': {'id': '577511542401138698', 'username': 'Karisma', 'avatar': '7e3e36d46941fdac01016ac382b04ce6', 'discriminator': '4670', 'bot': True}, 'attachments': [], 'embeds': [{'type': 'rich', 'color': 4421696, 'fields': [{'name': 'Cogs', 'value': '**Events** - Events.\n**Filter** - Filtering\n**Help** - Help Formatter\n**Mod** - List of mod commands\n**Commands** - Commands\n**Sadcat** - Want some sadcats?\n**Uwu** - Just some random anime stuff\n**Welcome** - Helps with setting up Welcome messages', 'inline': False}], 'footer': {'text': 'Use a word you see to dive deeper into the help. E.g !!help Commands'}}], 'mentions': [], 'mention_roles': [], 'pinned': False, 'mention_everyone': False, 'tts': False, 'timestamp': '2020-03-11T14:52:26.268000+00:00', 'edited_timestamp': None, 'flags': 0, 'nonce': None}
2020-03-11 22:53:17,618:DEBUG:discord.client: Dispatching event command_completion
2020-03-11 22:53:17,627:DEBUG:discord.client: Dispatching event socket_raw_receive
2020-03-11 22:53:17,627:DEBUG:discord.gateway: For Shard ID None: WebSocket Event: {'t': 'MESSAGE_UPDATE', 's': 10, 'op': 0, 'd': {'id': '687311982503657480', 'embeds': [{'type': 'rich', 'footer': {'text': 'Use a word you see to dive deeper into the help. E.g !!help Commands'}, 'fields': [{'value': '**Events** - Events.\n**Filter** - Filtering\n**Help** - Help Formatter\n**Mod** - List of mod commands\n**Commands** - Commands\n**Sadcat** - Want some sadcats?\n**Uwu** - Just some random anime stuff\n**Welcome** - Helps with setting up Welcome messages', 'name': 'Cogs', 'inline': False}], 'color': 4421696}], 'channel_id': '686469998008598584', 'guild_id': '686469998008598580'}}
2020-03-11 22:53:17,628:DEBUG:discord.client: Dispatching event socket_response
2020-03-11 22:53:17,628:DEBUG:discord.client: Dispatching event raw_message_edit
2020-03-11 22:53:17,628:DEBUG:discord.client: Dispatching event message_edit
